<?xml version="1.0" encoding="UTF-8"?>
<robot generator="Robot 7.0 (Python 3.11.1 on win32)" generated="2024-02-07T21:05:30.715831" rpa="false" schemaversion="5">
<suite id="s1" name="Testes-Automatizados-Tela" source="C:\Users\silviaz\OneDrive\Documentos\repositorios\testes-automatizados-tela">
<suite id="s1-s1" name="Testacompetencia" source="C:\Users\silviaz\OneDrive\Documentos\repositorios\testes-automatizados-tela\testacompetencia.robot">
<test id="s1-s1-t1" name="Comparar" line="74">
<kw name="Log To Console" owner="BuiltIn">
<arg>${LISTA_DE_SERVICOS}</arg>
<doc>Logs the given message to the console.</doc>
<status status="PASS" start="2024-02-07T21:05:31.030883" elapsed="0.002000"/>
</kw>
<kw name="Set Variable" owner="BuiltIn">
<msg time="2024-02-07T21:05:31.034884" level="INFO">${resultado} = Todos os itens são iguais ao texto</msg>
<var>${resultado}</var>
<arg>Todos os itens são iguais ao texto</arg>
<doc>Returns the given values which can then be assigned to a variables.</doc>
<status status="PASS" start="2024-02-07T21:05:31.033882" elapsed="0.002357"/>
</kw>
<for flavor="IN">
<iter>
<if>
<branch type="IF" condition="'${item}'!='${SERVICO}'">
<kw name="Set Variable" owner="BuiltIn">
<var>${resultado}</var>
<arg>Há pelo menos um item diferente do texto</arg>
<doc>Returns the given values which can then be assigned to a variables.</doc>
<status status="NOT RUN" start="2024-02-07T21:05:31.039638" elapsed="0.000996"/>
</kw>
<status status="NOT RUN" start="2024-02-07T21:05:31.039638" elapsed="0.000996"/>
</branch>
<status status="PASS" start="2024-02-07T21:05:31.039638" elapsed="0.000996"/>
</if>
<var name="${item}">Qualidade</var>
<status status="PASS" start="2024-02-07T21:05:31.039638" elapsed="0.000996"/>
</iter>
<iter>
<if>
<branch type="IF" condition="'${item}'!='${SERVICO}'">
<kw name="Set Variable" owner="BuiltIn">
<msg time="2024-02-07T21:05:31.041635" level="INFO">${resultado} = Há pelo menos um item diferente do texto</msg>
<var>${resultado}</var>
<arg>Há pelo menos um item diferente do texto</arg>
<doc>Returns the given values which can then be assigned to a variables.</doc>
<status status="PASS" start="2024-02-07T21:05:31.041635" elapsed="0.000000"/>
</kw>
<status status="PASS" start="2024-02-07T21:05:31.040634" elapsed="0.001001"/>
</branch>
<status status="PASS" start="2024-02-07T21:05:31.040634" elapsed="0.001001"/>
</if>
<var name="${item}">Desenvolvimento</var>
<status status="PASS" start="2024-02-07T21:05:31.040634" elapsed="0.002001"/>
</iter>
<var>${item}</var>
<value>@{LISTA_DE_SERVICOS}</value>
<status status="PASS" start="2024-02-07T21:05:31.038650" elapsed="0.003985"/>
</for>
<kw name="Log To Console" owner="BuiltIn">
<arg>${resultado}</arg>
<doc>Logs the given message to the console.</doc>
<status status="PASS" start="2024-02-07T21:05:31.042635" elapsed="0.002003"/>
</kw>
<status status="PASS" start="2024-02-07T21:05:31.028882" elapsed="0.016754"/>
</test>
<status status="PASS" start="2024-02-07T21:05:30.766200" elapsed="0.288767"/>
</suite>
<status status="PASS" start="2024-02-07T21:05:30.721832" elapsed="0.334137"/>
</suite>
<statistics>
<total>
<stat pass="1" fail="0" skip="0">All Tests</stat>
</total>
<tag>
</tag>
<suite>
<stat pass="1" fail="0" skip="0" id="s1" name="Testes-Automatizados-Tela">Testes-Automatizados-Tela</stat>
<stat pass="1" fail="0" skip="0" id="s1-s1" name="Testacompetencia">Testes-Automatizados-Tela.Testacompetencia</stat>
</suite>
</statistics>
<errors>
</errors>
</robot>
